<?xml version="1.0" encoding="UTF-8"?>
<!-- Generated by org.testng.reporters.JUnitReportReporter -->
<testsuite hostname="Mohamed-ElKatry" failures="0" tests="1" name="Task.NewTestTask" time="15.889" errors="0" timestamp="2022-01-29T13:32:25 EET" skipped="0">
  <testcase classname="Task.NewTestTask" name="SignUp" time="15.889"/>
  <system-out/>
</testsuite> <!-- Task.NewTestTask -->
