<?xml version="1.0" encoding="UTF-8"?>
<!-- Generated by org.testng.reporters.JUnitReportReporter -->
<testsuite hostname="Mohamed-ElKatry" failures="0" tests="1" name="newpackage.NewTestCheckbox" time="88.794" errors="0" timestamp="2022-01-17T21:39:40 EET" skipped="0">
  <testcase classname="newpackage.NewTestCheckbox" name="Checkbox" time="88.794"/>
  <system-out/>
</testsuite> <!-- newpackage.NewTestCheckbox -->
