<?xml version="1.0" encoding="UTF-8"?>
<!-- Generated by org.testng.reporters.JUnitReportReporter -->
<testsuite hostname="Mohamed-ElKatry" failures="0" tests="1" name="newpackage.CucumberSearch" time="20.079" errors="0" timestamp="2022-01-17T20:47:50 EET" skipped="0">
  <testcase classname="newpackage.CucumberSearch" name="Cucumber" time="20.079"/>
  <system-out/>
</testsuite> <!-- newpackage.CucumberSearch -->
