<?xml version="1.0" encoding="UTF-8"?>
<!-- Generated by org.testng.reporters.JUnitReportReporter -->
<testsuite hostname="Mohamed-ElKatry" failures="0" tests="1" name="newpackage.NewTestUpload" time="16.128" errors="0" timestamp="2022-01-18T18:42:37 EET" skipped="0">
  <testcase classname="newpackage.NewTestUpload" name="FileUpload" time="16.128"/>
  <system-out/>
</testsuite> <!-- newpackage.NewTestUpload -->
