<?xml version="1.0" encoding="UTF-8"?>
<!-- Generated by org.testng.reporters.JUnitReportReporter -->
<testsuite hostname="Mohamed-ElKatry" failures="0" tests="1" name="newpackage.NewTest" time="6.517" errors="0" timestamp="2022-01-15T13:27:38 EET" skipped="0">
  <testcase classname="newpackage.NewTest" name="OpenBrowser" time="6.517"/>
  <system-out/>
</testsuite> <!-- newpackage.NewTest -->
