<?xml version="1.0" encoding="UTF-8"?>
<!-- Generated by org.testng.reporters.JUnitReportReporter -->
<testsuite hostname="Mohamed-ElKatry" failures="0" tests="1" name="ForusingShaft.UsingShaft" time="6.263" errors="0" timestamp="2022-01-25T15:32:26 EET" skipped="0">
  <testcase classname="ForusingShaft.UsingShaft" name="Shaft" time="6.263"/>
  <system-out/>
</testsuite> <!-- ForusingShaft.UsingShaft -->
