<?xml version="1.0" encoding="UTF-8"?>
<!-- Generated by org.testng.reporters.JUnitReportReporter -->
<testsuite hostname="Mohamed-ElKatry" failures="0" tests="1" name="newpackage.Country" time="140.518" errors="0" timestamp="2022-01-18T22:03:29 EET" skipped="0">
  <testcase classname="newpackage.Country" name="CountryCompany" time="140.518"/>
  <system-out/>
</testsuite> <!-- newpackage.Country -->
