<?xml version="1.0" encoding="UTF-8"?>
<!-- Generated by org.testng.reporters.JUnitReportReporter -->
<testsuite hostname="Mohamed-ElKatry" failures="0" tests="1" name="newpackage.NewTestFirfox" time="9.446" errors="0" timestamp="2022-01-21T10:00:41 EET" skipped="0">
  <testcase classname="newpackage.NewTestFirfox" name="firefox" time="9.446"/>
  <system-out/>
</testsuite> <!-- newpackage.NewTestFirfox -->
